Traceback (most recent call last):
  File "/Users/bkim/mambaforge/envs/myenv_x86/lib/python3.9/site-packages/jupyter_cache/executors/utils.py", line 51, in single_nb_execution
    executenb(
  File "/Users/bkim/mambaforge/envs/myenv_x86/lib/python3.9/site-packages/nbclient/client.py", line 1204, in execute
    return NotebookClient(nb=nb, resources=resources, km=km, **kwargs).execute()
  File "/Users/bkim/mambaforge/envs/myenv_x86/lib/python3.9/site-packages/nbclient/util.py", line 84, in wrapped
    return just_run(coro(*args, **kwargs))
  File "/Users/bkim/mambaforge/envs/myenv_x86/lib/python3.9/site-packages/nbclient/util.py", line 62, in just_run
    return loop.run_until_complete(coro)
  File "/Users/bkim/mambaforge/envs/myenv_x86/lib/python3.9/asyncio/base_events.py", line 647, in run_until_complete
    return future.result()
  File "/Users/bkim/mambaforge/envs/myenv_x86/lib/python3.9/site-packages/nbclient/client.py", line 663, in async_execute
    await self.async_execute_cell(
  File "/Users/bkim/mambaforge/envs/myenv_x86/lib/python3.9/site-packages/nbclient/client.py", line 965, in async_execute_cell
    await self._check_raise_for_error(cell, cell_index, exec_reply)
  File "/Users/bkim/mambaforge/envs/myenv_x86/lib/python3.9/site-packages/nbclient/client.py", line 862, in _check_raise_for_error
    raise CellExecutionError.from_cell_and_msg(cell, exec_reply_content)
nbclient.exceptions.CellExecutionError: An error occurred while executing the following cell:
------------------
# Initialize an empty dictionary.
wac_all_years = {}

# This loop might take a little bit of time.
# If you want to see progress while it runs, uncomment the second line in the loop.
for i in range(2009,2016):
    wac_all_years[i] = get_wac(year = i)
    # print("WAC for " + str(i) + " obtained.")
------------------

[0;31m---------------------------------------------------------------------------[0m
[0;31mNameError[0m                                 Traceback (most recent call last)
Cell [0;32mIn[4], line 7[0m
[1;32m      4[0m [38;5;66;03m# This loop might take a little bit of time.[39;00m
[1;32m      5[0m [38;5;66;03m# If you want to see progress while it runs, uncomment the second line in the loop.[39;00m
[1;32m      6[0m [38;5;28;01mfor[39;00m i [38;5;129;01min[39;00m [38;5;28mrange[39m([38;5;241m2009[39m,[38;5;241m2016[39m):
[0;32m----> 7[0m     wac_all_years[i] [38;5;241m=[39m [43mget_wac[49m(year [38;5;241m=[39m i)
[1;32m      8[0m     [38;5;66;03m# print("WAC for " + str(i) + " obtained.")[39;00m

[0;31mNameError[0m: name 'get_wac' is not defined
NameError: name 'get_wac' is not defined

