Traceback (most recent call last):
  File "/Users/bkim/mambaforge/envs/myenv_x86/lib/python3.9/site-packages/jupyter_cache/executors/utils.py", line 51, in single_nb_execution
    executenb(
  File "/Users/bkim/mambaforge/envs/myenv_x86/lib/python3.9/site-packages/nbclient/client.py", line 1204, in execute
    return NotebookClient(nb=nb, resources=resources, km=km, **kwargs).execute()
  File "/Users/bkim/mambaforge/envs/myenv_x86/lib/python3.9/site-packages/nbclient/util.py", line 84, in wrapped
    return just_run(coro(*args, **kwargs))
  File "/Users/bkim/mambaforge/envs/myenv_x86/lib/python3.9/site-packages/nbclient/util.py", line 62, in just_run
    return loop.run_until_complete(coro)
  File "/Users/bkim/mambaforge/envs/myenv_x86/lib/python3.9/asyncio/base_events.py", line 647, in run_until_complete
    return future.result()
  File "/Users/bkim/mambaforge/envs/myenv_x86/lib/python3.9/site-packages/nbclient/client.py", line 663, in async_execute
    await self.async_execute_cell(
  File "/Users/bkim/mambaforge/envs/myenv_x86/lib/python3.9/site-packages/nbclient/client.py", line 965, in async_execute_cell
    await self._check_raise_for_error(cell, cell_index, exec_reply)
  File "/Users/bkim/mambaforge/envs/myenv_x86/lib/python3.9/site-packages/nbclient/client.py", line 862, in _check_raise_for_error
    raise CellExecutionError.from_cell_and_msg(cell, exec_reply_content)
nbclient.exceptions.CellExecutionError: An error occurred while executing the following cell:
------------------
error_msg_mean = np.mean(1,2,3)
print(error_msg_mean)
------------------

[0;31m---------------------------------------------------------------------------[0m
[0;31mAxisError[0m                                 Traceback (most recent call last)
Cell [0;32mIn[2], line 1[0m
[0;32m----> 1[0m error_msg_mean [38;5;241m=[39m [43mnp[49m[38;5;241;43m.[39;49m[43mmean[49m[43m([49m[38;5;241;43m1[39;49m[43m,[49m[38;5;241;43m2[39;49m[43m,[49m[38;5;241;43m3[39;49m[43m)[49m
[1;32m      2[0m [38;5;28mprint[39m(error_msg_mean)

File [0;32m<__array_function__ internals>:180[0m, in [0;36mmean[0;34m(*args, **kwargs)[0m

File [0;32m~/mambaforge/envs/myenv_x86/lib/python3.9/site-packages/numpy/core/fromnumeric.py:3474[0m, in [0;36mmean[0;34m(a, axis, dtype, out, keepdims, where)[0m
[1;32m   3471[0m     [38;5;28;01melse[39;00m:
[1;32m   3472[0m         [38;5;28;01mreturn[39;00m mean(axis[38;5;241m=[39maxis, dtype[38;5;241m=[39mdtype, out[38;5;241m=[39mout, [38;5;241m*[39m[38;5;241m*[39mkwargs)
[0;32m-> 3474[0m [38;5;28;01mreturn[39;00m [43m_methods[49m[38;5;241;43m.[39;49m[43m_mean[49m[43m([49m[43ma[49m[43m,[49m[43m [49m[43maxis[49m[38;5;241;43m=[39;49m[43maxis[49m[43m,[49m[43m [49m[43mdtype[49m[38;5;241;43m=[39;49m[43mdtype[49m[43m,[49m
[1;32m   3475[0m [43m                      [49m[43mout[49m[38;5;241;43m=[39;49m[43mout[49m[43m,[49m[43m [49m[38;5;241;43m*[39;49m[38;5;241;43m*[39;49m[43mkwargs[49m[43m)[49m

File [0;32m~/mambaforge/envs/myenv_x86/lib/python3.9/site-packages/numpy/core/_methods.py:167[0m, in [0;36m_mean[0;34m(a, axis, dtype, out, keepdims, where)[0m
[1;32m    163[0m arr [38;5;241m=[39m asanyarray(a)
[1;32m    165[0m is_float16_result [38;5;241m=[39m [38;5;28;01mFalse[39;00m
[0;32m--> 167[0m rcount [38;5;241m=[39m [43m_count_reduce_items[49m[43m([49m[43marr[49m[43m,[49m[43m [49m[43maxis[49m[43m,[49m[43m [49m[43mkeepdims[49m[38;5;241;43m=[39;49m[43mkeepdims[49m[43m,[49m[43m [49m[43mwhere[49m[38;5;241;43m=[39;49m[43mwhere[49m[43m)[49m
[1;32m    168[0m [38;5;28;01mif[39;00m rcount [38;5;241m==[39m [38;5;241m0[39m [38;5;28;01mif[39;00m where [38;5;129;01mis[39;00m [38;5;28;01mTrue[39;00m [38;5;28;01melse[39;00m umr_any(rcount [38;5;241m==[39m [38;5;241m0[39m, axis[38;5;241m=[39m[38;5;28;01mNone[39;00m):
[1;32m    169[0m     warnings[38;5;241m.[39mwarn([38;5;124m"[39m[38;5;124mMean of empty slice.[39m[38;5;124m"[39m, [38;5;167;01mRuntimeWarning[39;00m, stacklevel[38;5;241m=[39m[38;5;241m2[39m)

File [0;32m~/mambaforge/envs/myenv_x86/lib/python3.9/site-packages/numpy/core/_methods.py:76[0m, in [0;36m_count_reduce_items[0;34m(arr, axis, keepdims, where)[0m
[1;32m     74[0m     items [38;5;241m=[39m nt[38;5;241m.[39mintp([38;5;241m1[39m)
[1;32m     75[0m     [38;5;28;01mfor[39;00m ax [38;5;129;01min[39;00m axis:
[0;32m---> 76[0m         items [38;5;241m*[39m[38;5;241m=[39m arr[38;5;241m.[39mshape[[43mmu[49m[38;5;241;43m.[39;49m[43mnormalize_axis_index[49m[43m([49m[43max[49m[43m,[49m[43m [49m[43marr[49m[38;5;241;43m.[39;49m[43mndim[49m[43m)[49m]
[1;32m     77[0m [38;5;28;01melse[39;00m:
[1;32m     78[0m     [38;5;66;03m# TODO: Optimize case when `where` is broadcast along a non-reduction[39;00m
[1;32m     79[0m     [38;5;66;03m# axis and full sum is more excessive than needed.[39;00m
[1;32m     80[0m 
[1;32m     81[0m     [38;5;66;03m# guarded to protect circular imports[39;00m
[1;32m     82[0m     [38;5;28;01mfrom[39;00m [38;5;21;01mnumpy[39;00m[38;5;21;01m.[39;00m[38;5;21;01mlib[39;00m[38;5;21;01m.[39;00m[38;5;21;01mstride_tricks[39;00m [38;5;28;01mimport[39;00m broadcast_to

[0;31mAxisError[0m: axis 2 is out of bounds for array of dimension 0
AxisError: axis 2 is out of bounds for array of dimension 0

